{"/Users/kazuhirodk/workspace/UNIFESP/uc-vvs/income-tax/src/income-tax.ts": {"path":"/Users/kazuhirodk/workspace/UNIFESP/uc-vvs/income-tax/src/income-tax.ts","statementMap":{"0":{"start":{"line":1,"column":0},"end":{"line":1,"column":57}},"1":{"start":{"line":2,"column":0},"end":{"line":2,"column":67}},"2":{"start":{"line":3,"column":0},"end":{"line":3,"column":67}},"3":{"start":{"line":4,"column":0},"end":{"line":4,"column":34}},"4":{"start":{"line":5,"column":0},"end":{"line":5,"column":0}},"5":{"start":{"line":6,"column":0},"end":{"line":6,"column":56}},"6":{"start":{"line":7,"column":0},"end":{"line":7,"column":23}},"7":{"start":{"line":8,"column":0},"end":{"line":8,"column":0}},"8":{"start":{"line":9,"column":0},"end":{"line":9,"column":25}},"9":{"start":{"line":10,"column":0},"end":{"line":10,"column":46}},"10":{"start":{"line":11,"column":0},"end":{"line":11,"column":3}},"11":{"start":{"line":12,"column":0},"end":{"line":12,"column":0}},"12":{"start":{"line":13,"column":0},"end":{"line":13,"column":25}},"13":{"start":{"line":14,"column":0},"end":{"line":14,"column":40}},"14":{"start":{"line":15,"column":0},"end":{"line":15,"column":3}},"15":{"start":{"line":16,"column":0},"end":{"line":16,"column":0}},"16":{"start":{"line":17,"column":0},"end":{"line":17,"column":12}},"17":{"start":{"line":18,"column":0},"end":{"line":18,"column":1}}},"s":{"0":1,"1":1,"2":1,"3":1,"4":1,"5":34,"6":34,"7":34,"8":34,"9":11,"10":11,"11":23,"12":34,"13":12,"14":12,"15":11,"16":11,"17":11},"branchMap":{"0":{"type":"branch","line":18,"loc":{"start":{"line":18,"column":1},"end":{"line":18,"column":1}},"locations":[{"start":{"line":18,"column":1},"end":{"line":18,"column":1}}]},"1":{"type":"branch","line":6,"loc":{"start":{"line":6,"column":0},"end":{"line":18,"column":1}},"locations":[{"start":{"line":6,"column":0},"end":{"line":18,"column":1}}]},"2":{"type":"branch","line":9,"loc":{"start":{"line":9,"column":24},"end":{"line":11,"column":3}},"locations":[{"start":{"line":9,"column":24},"end":{"line":11,"column":3}}]},"3":{"type":"branch","line":11,"loc":{"start":{"line":11,"column":3},"end":{"line":13,"column":24}},"locations":[{"start":{"line":11,"column":3},"end":{"line":13,"column":24}}]},"4":{"type":"branch","line":13,"loc":{"start":{"line":13,"column":24},"end":{"line":15,"column":3}},"locations":[{"start":{"line":13,"column":24},"end":{"line":15,"column":3}}]},"5":{"type":"branch","line":15,"loc":{"start":{"line":15,"column":3},"end":{"line":18,"column":1}},"locations":[{"start":{"line":15,"column":3},"end":{"line":18,"column":1}}]}},"b":{"0":[1],"1":[34],"2":[11],"3":[23],"4":[12],"5":[11]},"fnMap":{"0":{"name":"calculateTax","decl":{"start":{"line":6,"column":0},"end":{"line":18,"column":1}},"loc":{"start":{"line":6,"column":0},"end":{"line":18,"column":1}},"line":6}},"f":{"0":34}}
}
